2025-11-17 13:14:51,621 [INFO] [MainProcess] ============================================================
2025-11-17 13:14:51,621 [INFO] [MainProcess] NITE Exam Checker Bot System Starting...
2025-11-17 13:14:51,621 [INFO] [MainProcess] ============================================================
2025-11-17 13:14:51,625 [INFO] [MainProcess] Both bots started successfully!
2025-11-17 13:14:51,625 [INFO] [MainProcess] Client bot for user management
2025-11-17 13:14:51,625 [INFO] [MainProcess] Checker bot for exam monitoring
2025-11-17 13:14:51,625 [INFO] [MainProcess] Press Ctrl+C to stop both bots
2025-11-17 13:14:51,721 [INFO] [CheckerBot] Starting checker bot...
2025-11-17 13:14:51,722 [INFO] [CheckerBot] Database initialized successfully.
2025-11-17 13:14:51,722 [INFO] [CheckerBot] Bot initialized and connected to SQLite database.
2025-11-17 13:14:51,758 [INFO] [ClientBot] Starting client bot...
2025-11-17 13:14:51,759 [INFO] [ClientBot] Database initialized successfully.
2025-11-17 13:14:51,833 [INFO] [ClientBot] Bot started successfully.
2025-11-17 13:14:52,170 [INFO] [ClientBot] HTTP Request: POST https://api.telegram.org/bottoken/getMe "HTTP/1.1 200 OK"
2025-11-17 13:14:52,256 [INFO] [ClientBot] HTTP Request: POST https://api.telegram.org/bottoken/deleteWebhook "HTTP/1.1 200 OK"
2025-11-17 13:14:52,257 [INFO] [ClientBot] Application started
2025-11-17 13:14:53,291 [INFO] [CheckerBot] Detected 3 new exams.
2025-11-17 13:14:53,772 [INFO] [CheckerBot] Message successfully sent to user 1152610979.
2025-11-17 13:14:54,256 [INFO] [CheckerBot] Message successfully sent to user 1152610979.
2025-11-17 13:14:54,748 [INFO] [CheckerBot] Message successfully sent to user 1152610979.
2025-11-17 13:14:54,763 [INFO] [CheckerBot] Detected 4 removed exams.
2025-11-17 13:14:54,784 [INFO] [CheckerBot] Sleeping for 231 seconds before the next check...
2025-11-17 13:15:02,600 [INFO] [ClientBot] HTTP Request: POST https://api.telegram.org/bottoken/getUpdates "HTTP/1.1 200 OK"
2025-11-17 13:15:12,708 [INFO] [ClientBot] HTTP Request: POST https://api.telegram.org/bottoken/getUpdates "HTTP/1.1 200 OK"
2025-11-17 13:15:22,791 [INFO] [ClientBot] HTTP Request: POST https://api.telegram.org/bottoken/getUpdates "HTTP/1.1 200 OK"
2025-11-17 13:15:32,870 [INFO] [ClientBot] HTTP Request: POST https://api.telegram.org/bottoken/getUpdates "HTTP/1.1 200 OK"
2025-11-17 13:15:42,982 [INFO] [ClientBot] HTTP Request: POST https://api.telegram.org/bottoken/getUpdates "HTTP/1.1 200 OK"
2025-11-17 13:15:53,058 [INFO] [ClientBot] HTTP Request: POST https://api.telegram.org/bottoken/getUpdates "HTTP/1.1 200 OK"
2025-11-17 13:16:03,196 [INFO] [ClientBot] HTTP Request: POST https://api.telegram.org/bottoken/getUpdates "HTTP/1.1 200 OK"
2025-11-17 13:16:14,171 [INFO] [ClientBot] HTTP Request: POST https://api.telegram.org/bottoken/getUpdates "HTTP/1.1 200 OK"
2025-11-17 13:16:25,064 [INFO] [ClientBot] HTTP Request: POST https://api.telegram.org/bottoken/getUpdates "HTTP/1.1 200 OK"
2025-11-17 13:16:35,128 [INFO] [ClientBot] HTTP Request: POST https://api.telegram.org/bottoken/getUpdates "HTTP/1.1 200 OK"
2025-11-17 13:16:46,068 [INFO] [ClientBot] HTTP Request: POST https://api.telegram.org/bottoken/getUpdates "HTTP/1.1 200 OK"
2025-11-17 13:16:57,086 [INFO] [ClientBot] HTTP Request: POST https://api.telegram.org/bottoken/getUpdates "HTTP/1.1 200 OK"
2025-11-17 13:17:08,037 [INFO] [ClientBot] HTTP Request: POST https://api.telegram.org/bottoken/getUpdates "HTTP/1.1 200 OK"
2025-11-17 13:17:19,107 [INFO] [ClientBot] HTTP Request: POST https://api.telegram.org/bottoken/getUpdates "HTTP/1.1 200 OK"
2025-11-17 13:17:30,065 [INFO] [ClientBot] HTTP Request: POST https://api.telegram.org/bottoken/getUpdates "HTTP/1.1 200 OK"
2025-11-17 13:17:40,152 [INFO] [ClientBot] HTTP Request: POST https://api.telegram.org/bottoken/getUpdates "HTTP/1.1 200 OK"
2025-11-17 13:17:51,120 [INFO] [ClientBot] HTTP Request: POST https://api.telegram.org/bottoken/getUpdates "HTTP/1.1 200 OK"
2025-11-17 13:18:02,106 [INFO] [ClientBot] HTTP Request: POST https://api.telegram.org/bottoken/getUpdates "HTTP/1.1 200 OK"
2025-11-17 13:18:13,163 [INFO] [ClientBot] HTTP Request: POST https://api.telegram.org/bottoken/getUpdates "HTTP/1.1 200 OK"
2025-11-17 13:18:23,301 [INFO] [ClientBot] HTTP Request: POST https://api.telegram.org/bottoken/getUpdates "HTTP/1.1 200 OK"
2025-11-17 13:18:33,441 [INFO] [ClientBot] HTTP Request: POST https://api.telegram.org/bottoken/getUpdates "HTTP/1.1 200 OK"
2025-11-17 13:18:43,530 [INFO] [ClientBot] HTTP Request: POST https://api.telegram.org/bottoken/getUpdates "HTTP/1.1 200 OK"
2025-11-17 13:18:47,235 [INFO] [CheckerBot] No changes in the exam schedule.
2025-11-17 13:18:47,236 [INFO] [CheckerBot] Sleeping for 218 seconds before the next check...
2025-11-17 13:18:53,620 [INFO] [ClientBot] HTTP Request: POST https://api.telegram.org/bottoken/getUpdates "HTTP/1.1 200 OK"
2025-11-17 13:19:03,716 [INFO] [ClientBot] HTTP Request: POST https://api.telegram.org/bottoken/getUpdates "HTTP/1.1 200 OK"
2025-11-17 13:19:13,807 [INFO] [ClientBot] HTTP Request: POST https://api.telegram.org/bottoken/getUpdates "HTTP/1.1 200 OK"
2025-11-17 13:19:23,984 [INFO] [ClientBot] HTTP Request: POST https://api.telegram.org/bottoken/getUpdates "HTTP/1.1 200 OK"
2025-11-17 13:19:34,085 [INFO] [ClientBot] HTTP Request: POST https://api.telegram.org/bottoken/getUpdates "HTTP/1.1 200 OK"
2025-11-17 13:19:44,861 [INFO] [ClientBot] HTTP Request: POST https://api.telegram.org/bottoken/getUpdates "HTTP/1.1 200 OK"
2025-11-17 13:19:56,038 [INFO] [ClientBot] HTTP Request: POST https://api.telegram.org/bottoken/getUpdates "HTTP/1.1 200 OK"
2025-11-17 13:20:06,566 [INFO] [MainProcess] 
Shutting down bots...
2025-11-17 13:20:06,571 [INFO] [MainProcess] Both bots stopped successfully.
